Array
(
    [name] => Aurelien
    [email] => pasmonemail@perso.com
    [phone] => 0987654322
    [password] => test
    [current_password] => test
)
Array
(
    [name] => Aurelien
    [email] => pasmonemail@perso.com
    [phone] => 0987654322
    [password] => test
    [current_password] => test
)
Array
(
    [name] => Aurelien
    [email] => pasmonemail@perso.com
    [phone] => 0987654322
    [password] => test
    [current_password] => test
)
Array
(
    [name] => Aurelien
    [email] => pasmonemail@perso.com
    [phone] => 0987654322
    [password] => test
    [current_password] => test
)
Array
(
    [name] => Aurelien
    [email] => pasmonemail@perso.com
    [phone] => 0987654322
    [password] => test
    [current_password] => test
)
